<?xml version="1.0" encoding="UTF-8"?>
<testsuite xmlns:xsi="http://www.w3.org/2001/XMLSchema-instance" xsi:noNamespaceSchemaLocation="https://maven.apache.org/surefire/maven-surefire-plugin/xsd/surefire-test-report-3.0.xsd" version="3.0" name="com.ontariotechu.sofe3980U.BinaryTest" time="0.261" tests="20" errors="0" skipped="0" failures="0">
  <properties>
    <property name="java.specification.version" value="17"/>
    <property name="sun.jnu.encoding" value="UTF-8"/>
    <property name="java.class.path" value="/mnt/c/Users/school/OneDrive - Ontario Tech University/Year 3/Software Quality/Lab1/BinaryCalculator/target/test-classes:/mnt/c/Users/school/OneDrive - Ontario Tech University/Year 3/Software Quality/Lab1/BinaryCalculator/target/classes:/root/.m2/repository/org/junit/jupiter/junit-jupiter/5.10.1/junit-jupiter-5.10.1.jar:/root/.m2/repository/org/junit/jupiter/junit-jupiter-api/5.10.1/junit-jupiter-api-5.10.1.jar:/root/.m2/repository/org/opentest4j/opentest4j/1.3.0/opentest4j-1.3.0.jar:/root/.m2/repository/org/junit/platform/junit-platform-commons/1.10.1/junit-platform-commons-1.10.1.jar:/root/.m2/repository/org/apiguardian/apiguardian-api/1.1.2/apiguardian-api-1.1.2.jar:/root/.m2/repository/org/junit/jupiter/junit-jupiter-params/5.10.1/junit-jupiter-params-5.10.1.jar:/root/.m2/repository/org/junit/jupiter/junit-jupiter-engine/5.10.1/junit-jupiter-engine-5.10.1.jar:/root/.m2/repository/org/junit/platform/junit-platform-engine/1.10.1/junit-platform-engine-1.10.1.jar:/root/.m2/repository/joda-time/joda-time/2.9.2/joda-time-2.9.2.jar:"/>
    <property name="java.vm.vendor" value="Eclipse Adoptium"/>
    <property name="sun.arch.data.model" value="64"/>
    <property name="java.vendor.url" value="https://adoptium.net/"/>
    <property name="os.name" value="Linux"/>
    <property name="java.vm.specification.version" value="17"/>
    <property name="sun.java.launcher" value="SUN_STANDARD"/>
    <property name="sun.boot.library.path" value="/usr/lib/jvm/temurin-17-jdk-amd64/lib"/>
    <property name="sun.java.command" value="/mnt/c/Users/school/OneDrive - Ontario Tech University/Year 3/Software Quality/Lab1/BinaryCalculator/target/surefire/surefirebooter-20240125211142074_3.jar /mnt/c/Users/school/OneDrive - Ontario Tech University/Year 3/Software Quality/Lab1/BinaryCalculator/target/surefire 2024-01-25T21-11-41_881-jvmRun1 surefire-20240125211142074_1tmp surefire_0-20240125211142074_2tmp"/>
    <property name="jdk.debug" value="release"/>
    <property name="surefire.test.class.path" value="/mnt/c/Users/school/OneDrive - Ontario Tech University/Year 3/Software Quality/Lab1/BinaryCalculator/target/test-classes:/mnt/c/Users/school/OneDrive - Ontario Tech University/Year 3/Software Quality/Lab1/BinaryCalculator/target/classes:/root/.m2/repository/org/junit/jupiter/junit-jupiter/5.10.1/junit-jupiter-5.10.1.jar:/root/.m2/repository/org/junit/jupiter/junit-jupiter-api/5.10.1/junit-jupiter-api-5.10.1.jar:/root/.m2/repository/org/opentest4j/opentest4j/1.3.0/opentest4j-1.3.0.jar:/root/.m2/repository/org/junit/platform/junit-platform-commons/1.10.1/junit-platform-commons-1.10.1.jar:/root/.m2/repository/org/apiguardian/apiguardian-api/1.1.2/apiguardian-api-1.1.2.jar:/root/.m2/repository/org/junit/jupiter/junit-jupiter-params/5.10.1/junit-jupiter-params-5.10.1.jar:/root/.m2/repository/org/junit/jupiter/junit-jupiter-engine/5.10.1/junit-jupiter-engine-5.10.1.jar:/root/.m2/repository/org/junit/platform/junit-platform-engine/1.10.1/junit-platform-engine-1.10.1.jar:/root/.m2/repository/joda-time/joda-time/2.9.2/joda-time-2.9.2.jar:"/>
    <property name="sun.cpu.endian" value="little"/>
    <property name="user.home" value="/root"/>
    <property name="user.language" value="en"/>
    <property name="java.specification.vendor" value="Oracle Corporation"/>
    <property name="java.version.date" value="2023-08-24"/>
    <property name="java.home" value="/usr/lib/jvm/temurin-17-jdk-amd64"/>
    <property name="file.separator" value="/"/>
    <property name="basedir" value="/mnt/c/Users/school/OneDrive - Ontario Tech University/Year 3/Software Quality/Lab1/BinaryCalculator"/>
    <property name="java.vm.compressedOopsMode" value="32-bit"/>
    <property name="line.separator" value="&#10;"/>
    <property name="java.vm.specification.vendor" value="Oracle Corporation"/>
    <property name="java.specification.name" value="Java Platform API Specification"/>
    <property name="surefire.real.class.path" value="/mnt/c/Users/school/OneDrive - Ontario Tech University/Year 3/Software Quality/Lab1/BinaryCalculator/target/surefire/surefirebooter-20240125211142074_3.jar"/>
    <property name="sun.management.compiler" value="HotSpot 64-Bit Tiered Compilers"/>
    <property name="java.runtime.version" value="17.0.8.1+1"/>
    <property name="user.name" value="root"/>
    <property name="path.separator" value=":"/>
    <property name="os.version" value="5.15.133.1-microsoft-standard-WSL2"/>
    <property name="java.runtime.name" value="OpenJDK Runtime Environment"/>
    <property name="file.encoding" value="UTF-8"/>
    <property name="java.vm.name" value="OpenJDK 64-Bit Server VM"/>
    <property name="java.vendor.version" value="Temurin-17.0.8.1+1"/>
    <property name="localRepository" value="/root/.m2/repository"/>
    <property name="java.vendor.url.bug" value="https://github.com/adoptium/adoptium-support/issues"/>
    <property name="java.io.tmpdir" value="/tmp"/>
    <property name="java.version" value="17.0.8.1"/>
    <property name="user.dir" value="/mnt/c/Users/school/OneDrive - Ontario Tech University/Year 3/Software Quality/Lab1/BinaryCalculator"/>
    <property name="os.arch" value="amd64"/>
    <property name="java.vm.specification.name" value="Java Virtual Machine Specification"/>
    <property name="native.encoding" value="UTF-8"/>
    <property name="java.library.path" value="/usr/java/packages/lib:/usr/lib64:/lib64:/lib:/usr/lib"/>
    <property name="java.vm.info" value="mixed mode, sharing"/>
    <property name="java.vendor" value="Eclipse Adoptium"/>
    <property name="java.vm.version" value="17.0.8.1+1"/>
    <property name="sun.io.unicode.encoding" value="UnicodeLittle"/>
    <property name="java.class.version" value="61.0"/>
  </properties>
  <testcase name="constructorWithInvalidDigits" classname="com.ontariotechu.sofe3980U.BinaryTest" time="0.013"/>
  <testcase name="or(String, String, String)[1]" classname="com.ontariotechu.sofe3980U.BinaryTest" time="0.052"/>
  <testcase name="or(String, String, String)[2]" classname="com.ontariotechu.sofe3980U.BinaryTest" time="0.002"/>
  <testcase name="or(String, String, String)[3]" classname="com.ontariotechu.sofe3980U.BinaryTest" time="0.001"/>
  <testcase name="add" classname="com.ontariotechu.sofe3980U.BinaryTest" time="0.001"/>
  <testcase name="and(String, String, String)[1]" classname="com.ontariotechu.sofe3980U.BinaryTest" time="0.002"/>
  <testcase name="and(String, String, String)[2]" classname="com.ontariotechu.sofe3980U.BinaryTest" time="0.001"/>
  <testcase name="and(String, String, String)[3]" classname="com.ontariotechu.sofe3980U.BinaryTest" time="0.001"/>
  <testcase name="add2" classname="com.ontariotechu.sofe3980U.BinaryTest" time="0.0"/>
  <testcase name="add3" classname="com.ontariotechu.sofe3980U.BinaryTest" time="0.001"/>
  <testcase name="add4" classname="com.ontariotechu.sofe3980U.BinaryTest" time="0.001"/>
  <testcase name="add5" classname="com.ontariotechu.sofe3980U.BinaryTest" time="0.001"/>
  <testcase name="constructorWithNegativeSign" classname="com.ontariotechu.sofe3980U.BinaryTest" time="0.001"/>
  <testcase name="constructorWithInvalidChars" classname="com.ontariotechu.sofe3980U.BinaryTest" time="0.001"/>
  <testcase name="constructorEmptyString" classname="com.ontariotechu.sofe3980U.BinaryTest" time="0.001"/>
  <testcase name="multiply(String, String, String)[1]" classname="com.ontariotechu.sofe3980U.BinaryTest" time="0.001"/>
  <testcase name="multiply(String, String, String)[2]" classname="com.ontariotechu.sofe3980U.BinaryTest" time="0.001"/>
  <testcase name="multiply(String, String, String)[3]" classname="com.ontariotechu.sofe3980U.BinaryTest" time="0.001"/>
  <testcase name="normalConstructor" classname="com.ontariotechu.sofe3980U.BinaryTest" time="0.0"/>
  <testcase name="constructorWithZeroTailing" classname="com.ontariotechu.sofe3980U.BinaryTest" time="0.001"/>
</testsuite>